2012-09-02 03:20:58 Error: [MissingViewException] View file "C:\wamp\www\sicpro\app\View\Mains\index.ctp" is missing.
#0 C:\wamp\www\sicpro\lib\Cake\View\View.php(472): View->_getViewFileName(NULL)
#1 C:\wamp\www\sicpro\lib\Cake\Controller\Controller.php(957): View->render(NULL, NULL)
#2 C:\wamp\www\sicpro\lib\Cake\Routing\Dispatcher.php(193): Controller->render()
#3 C:\wamp\www\sicpro\lib\Cake\Routing\Dispatcher.php(161): Dispatcher->_invoke(Object(MainsController), Object(CakeRequest), Object(CakeResponse))
#4 C:\wamp\www\sicpro\app\webroot\index.php(92): Dispatcher->dispatch(Object(CakeRequest), Object(CakeResponse))
#5 {main}
2012-09-02 03:20:58 Error: [MissingViewException] View file "C:\wamp\www\sicpro\app\View\Mains\index.ctp" is missing.
#0 C:\wamp\www\sicpro\lib\Cake\View\View.php(472): View->_getViewFileName(NULL)
#1 C:\wamp\www\sicpro\lib\Cake\Controller\Controller.php(957): View->render(NULL, NULL)
#2 C:\wamp\www\sicpro\lib\Cake\Routing\Dispatcher.php(193): Controller->render()
#3 C:\wamp\www\sicpro\lib\Cake\Routing\Dispatcher.php(161): Dispatcher->_invoke(Object(MainsController), Object(CakeRequest), Object(CakeResponse))
#4 C:\wamp\www\sicpro\app\webroot\index.php(92): Dispatcher->dispatch(Object(CakeRequest), Object(CakeResponse))
#5 {main}
2012-09-02 03:25:53 Error: [MissingControllerException] Controller class ImagesController could not be found.
#0 C:\wamp\www\sicpro\app\webroot\index.php(92): Dispatcher->dispatch(Object(CakeRequest), Object(CakeResponse))
#1 {main}
2012-09-02 03:25:53 Error: [MissingControllerException] Controller class ImagesController could not be found.
#0 C:\wamp\www\sicpro\app\webroot\index.php(92): Dispatcher->dispatch(Object(CakeRequest), Object(CakeResponse))
#1 {main}
2012-09-02 03:25:53 Error: [MissingControllerException] Controller class ImagesController could not be found.
#0 C:\wamp\www\sicpro\app\webroot\index.php(92): Dispatcher->dispatch(Object(CakeRequest), Object(CakeResponse))
#1 {main}
2012-09-02 03:25:53 Error: [MissingControllerException] Controller class ImagesController could not be found.
#0 C:\wamp\www\sicpro\app\webroot\index.php(92): Dispatcher->dispatch(Object(CakeRequest), Object(CakeResponse))
#1 {main}
2012-09-02 03:25:53 Error: [MissingControllerException] Controller class ImagesController could not be found.
#0 C:\wamp\www\sicpro\app\webroot\index.php(92): Dispatcher->dispatch(Object(CakeRequest), Object(CakeResponse))
#1 {main}
2012-09-02 03:25:53 Error: [MissingControllerException] Controller class ImagesController could not be found.
#0 C:\wamp\www\sicpro\app\webroot\index.php(92): Dispatcher->dispatch(Object(CakeRequest), Object(CakeResponse))
#1 {main}
2012-09-02 03:25:53 Error: [MissingControllerException] Controller class ImagesController could not be found.
#0 C:\wamp\www\sicpro\app\webroot\index.php(92): Dispatcher->dispatch(Object(CakeRequest), Object(CakeResponse))
#1 {main}
2012-09-02 03:25:53 Error: [MissingControllerException] Controller class ImagesController could not be found.
#0 C:\wamp\www\sicpro\app\webroot\index.php(92): Dispatcher->dispatch(Object(CakeRequest), Object(CakeResponse))
#1 {main}
2012-09-02 03:25:53 Error: [MissingControllerException] Controller class ImagesController could not be found.
#0 C:\wamp\www\sicpro\app\webroot\index.php(92): Dispatcher->dispatch(Object(CakeRequest), Object(CakeResponse))
#1 {main}
2012-09-02 03:25:53 Error: [MissingControllerException] Controller class ImagesController could not be found.
#0 C:\wamp\www\sicpro\app\webroot\index.php(92): Dispatcher->dispatch(Object(CakeRequest), Object(CakeResponse))
#1 {main}
2012-09-02 03:25:53 Error: [MissingControllerException] Controller class ImagesController could not be found.
#0 C:\wamp\www\sicpro\app\webroot\index.php(92): Dispatcher->dispatch(Object(CakeRequest), Object(CakeResponse))
#1 {main}
2012-09-02 03:25:53 Error: [MissingControllerException] Controller class CssController could not be found.
#0 C:\wamp\www\sicpro\app\webroot\index.php(92): Dispatcher->dispatch(Object(CakeRequest), Object(CakeResponse))
#1 {main}
2012-09-02 03:25:53 Error: [MissingControllerException] Controller class CssController could not be found.
#0 C:\wamp\www\sicpro\app\webroot\index.php(92): Dispatcher->dispatch(Object(CakeRequest), Object(CakeResponse))
#1 {main}
2012-09-02 03:25:53 Error: [MissingControllerException] Controller class ImagesController could not be found.
#0 C:\wamp\www\sicpro\app\webroot\index.php(92): Dispatcher->dispatch(Object(CakeRequest), Object(CakeResponse))
#1 {main}
2012-09-02 03:25:53 Error: [MissingControllerException] Controller class CssController could not be found.
#0 C:\wamp\www\sicpro\app\webroot\index.php(92): Dispatcher->dispatch(Object(CakeRequest), Object(CakeResponse))
#1 {main}
2012-09-02 03:25:53 Error: [MissingControllerException] Controller class CssController could not be found.
#0 C:\wamp\www\sicpro\app\webroot\index.php(92): Dispatcher->dispatch(Object(CakeRequest), Object(CakeResponse))
#1 {main}
2012-09-02 03:25:53 Error: [MissingControllerException] Controller class CssController could not be found.
#0 C:\wamp\www\sicpro\app\webroot\index.php(92): Dispatcher->dispatch(Object(CakeRequest), Object(CakeResponse))
#1 {main}
2012-09-02 03:25:54 Error: [MissingControllerException] Controller class ImagesController could not be found.
#0 C:\wamp\www\sicpro\app\webroot\index.php(92): Dispatcher->dispatch(Object(CakeRequest), Object(CakeResponse))
#1 {main}
2012-09-02 03:25:54 Error: [MissingControllerException] Controller class ImagesController could not be found.
#0 C:\wamp\www\sicpro\app\webroot\index.php(92): Dispatcher->dispatch(Object(CakeRequest), Object(CakeResponse))
#1 {main}
2012-09-02 03:25:54 Error: [MissingControllerException] Controller class ImagesController could not be found.
#0 C:\wamp\www\sicpro\app\webroot\index.php(92): Dispatcher->dispatch(Object(CakeRequest), Object(CakeResponse))
#1 {main}
2012-09-02 03:25:54 Error: [MissingControllerException] Controller class ImagesController could not be found.
#0 C:\wamp\www\sicpro\app\webroot\index.php(92): Dispatcher->dispatch(Object(CakeRequest), Object(CakeResponse))
#1 {main}
2012-09-02 03:25:54 Error: [MissingControllerException] Controller class ImagesController could not be found.
#0 C:\wamp\www\sicpro\app\webroot\index.php(92): Dispatcher->dispatch(Object(CakeRequest), Object(CakeResponse))
#1 {main}
2012-09-02 03:25:54 Error: [MissingControllerException] Controller class ImagesController could not be found.
#0 C:\wamp\www\sicpro\app\webroot\index.php(92): Dispatcher->dispatch(Object(CakeRequest), Object(CakeResponse))
#1 {main}
2012-09-02 03:25:54 Error: [MissingControllerException] Controller class ImagesController could not be found.
#0 C:\wamp\www\sicpro\app\webroot\index.php(92): Dispatcher->dispatch(Object(CakeRequest), Object(CakeResponse))
#1 {main}
2012-09-02 03:25:54 Error: [MissingControllerException] Controller class ImagesController could not be found.
#0 C:\wamp\www\sicpro\app\webroot\index.php(92): Dispatcher->dispatch(Object(CakeRequest), Object(CakeResponse))
#1 {main}
2012-09-02 03:25:54 Error: [MissingControllerException] Controller class ImagesController could not be found.
#0 C:\wamp\www\sicpro\app\webroot\index.php(92): Dispatcher->dispatch(Object(CakeRequest), Object(CakeResponse))
#1 {main}
2012-09-02 03:25:54 Error: [MissingControllerException] Controller class ImagesController could not be found.
#0 C:\wamp\www\sicpro\app\webroot\index.php(92): Dispatcher->dispatch(Object(CakeRequest), Object(CakeResponse))
#1 {main}
2012-09-02 03:25:54 Error: [MissingControllerException] Controller class ImagesController could not be found.
#0 C:\wamp\www\sicpro\app\webroot\index.php(92): Dispatcher->dispatch(Object(CakeRequest), Object(CakeResponse))
#1 {main}
2012-09-02 03:25:54 Error: [MissingControllerException] Controller class ImagesController could not be found.
#0 C:\wamp\www\sicpro\app\webroot\index.php(92): Dispatcher->dispatch(Object(CakeRequest), Object(CakeResponse))
#1 {main}
2012-09-02 03:28:34 Error: [MissingControllerException] Controller class ImagesController could not be found.
#0 C:\wamp\www\sicpro\app\webroot\index.php(92): Dispatcher->dispatch(Object(CakeRequest), Object(CakeResponse))
#1 {main}
2012-09-02 03:28:34 Error: [MissingControllerException] Controller class ImagesController could not be found.
#0 C:\wamp\www\sicpro\app\webroot\index.php(92): Dispatcher->dispatch(Object(CakeRequest), Object(CakeResponse))
#1 {main}
2012-09-02 03:28:34 Error: [MissingControllerException] Controller class ImagesController could not be found.
#0 C:\wamp\www\sicpro\app\webroot\index.php(92): Dispatcher->dispatch(Object(CakeRequest), Object(CakeResponse))
#1 {main}
2012-09-02 03:28:34 Error: [MissingControllerException] Controller class ImagesController could not be found.
#0 C:\wamp\www\sicpro\app\webroot\index.php(92): Dispatcher->dispatch(Object(CakeRequest), Object(CakeResponse))
#1 {main}
2012-09-02 03:28:34 Error: [MissingControllerException] Controller class ImagesController could not be found.
#0 C:\wamp\www\sicpro\app\webroot\index.php(92): Dispatcher->dispatch(Object(CakeRequest), Object(CakeResponse))
#1 {main}
2012-09-02 03:28:34 Error: [MissingControllerException] Controller class ImagesController could not be found.
#0 C:\wamp\www\sicpro\app\webroot\index.php(92): Dispatcher->dispatch(Object(CakeRequest), Object(CakeResponse))
#1 {main}
2012-09-02 03:28:34 Error: [MissingControllerException] Controller class ImagesController could not be found.
#0 C:\wamp\www\sicpro\app\webroot\index.php(92): Dispatcher->dispatch(Object(CakeRequest), Object(CakeResponse))
#1 {main}
2012-09-02 03:28:34 Error: [MissingControllerException] Controller class ImagesController could not be found.
#0 C:\wamp\www\sicpro\app\webroot\index.php(92): Dispatcher->dispatch(Object(CakeRequest), Object(CakeResponse))
#1 {main}
2012-09-02 03:28:34 Error: [MissingControllerException] Controller class ImagesController could not be found.
#0 C:\wamp\www\sicpro\app\webroot\index.php(92): Dispatcher->dispatch(Object(CakeRequest), Object(CakeResponse))
#1 {main}
2012-09-02 03:28:34 Error: [MissingControllerException] Controller class ImagesController could not be found.
#0 C:\wamp\www\sicpro\app\webroot\index.php(92): Dispatcher->dispatch(Object(CakeRequest), Object(CakeResponse))
#1 {main}
2012-09-02 03:28:34 Error: [MissingControllerException] Controller class ImagesController could not be found.
#0 C:\wamp\www\sicpro\app\webroot\index.php(92): Dispatcher->dispatch(Object(CakeRequest), Object(CakeResponse))
#1 {main}
2012-09-02 03:28:34 Error: [MissingControllerException] Controller class ImagesController could not be found.
#0 C:\wamp\www\sicpro\app\webroot\index.php(92): Dispatcher->dispatch(Object(CakeRequest), Object(CakeResponse))
#1 {main}
2012-09-02 03:28:34 Error: [MissingControllerException] Controller class ImagesController could not be found.
#0 C:\wamp\www\sicpro\app\webroot\index.php(92): Dispatcher->dispatch(Object(CakeRequest), Object(CakeResponse))
#1 {main}
2012-09-02 03:28:34 Error: [MissingControllerException] Controller class ImagesController could not be found.
#0 C:\wamp\www\sicpro\app\webroot\index.php(92): Dispatcher->dispatch(Object(CakeRequest), Object(CakeResponse))
#1 {main}
2012-09-02 03:28:34 Error: [MissingControllerException] Controller class ImagesController could not be found.
#0 C:\wamp\www\sicpro\app\webroot\index.php(92): Dispatcher->dispatch(Object(CakeRequest), Object(CakeResponse))
#1 {main}
2012-09-02 03:28:34 Error: [MissingControllerException] Controller class ImagesController could not be found.
#0 C:\wamp\www\sicpro\app\webroot\index.php(92): Dispatcher->dispatch(Object(CakeRequest), Object(CakeResponse))
#1 {main}
2012-09-02 03:28:35 Error: [MissingControllerException] Controller class ImagesController could not be found.
#0 C:\wamp\www\sicpro\app\webroot\index.php(92): Dispatcher->dispatch(Object(CakeRequest), Object(CakeResponse))
#1 {main}
2012-09-02 03:28:35 Error: [MissingControllerException] Controller class ImagesController could not be found.
#0 C:\wamp\www\sicpro\app\webroot\index.php(92): Dispatcher->dispatch(Object(CakeRequest), Object(CakeResponse))
#1 {main}
2012-09-02 03:28:35 Error: [MissingControllerException] Controller class ImagesController could not be found.
#0 C:\wamp\www\sicpro\app\webroot\index.php(92): Dispatcher->dispatch(Object(CakeRequest), Object(CakeResponse))
#1 {main}
2012-09-02 03:28:35 Error: [MissingControllerException] Controller class ImagesController could not be found.
#0 C:\wamp\www\sicpro\app\webroot\index.php(92): Dispatcher->dispatch(Object(CakeRequest), Object(CakeResponse))
#1 {main}
2012-09-02 03:28:35 Error: [MissingControllerException] Controller class ImagesController could not be found.
#0 C:\wamp\www\sicpro\app\webroot\index.php(92): Dispatcher->dispatch(Object(CakeRequest), Object(CakeResponse))
#1 {main}
2012-09-02 03:28:35 Error: [MissingControllerException] Controller class ImagesController could not be found.
#0 C:\wamp\www\sicpro\app\webroot\index.php(92): Dispatcher->dispatch(Object(CakeRequest), Object(CakeResponse))
#1 {main}
2012-09-02 03:28:35 Error: [MissingControllerException] Controller class ImagesController could not be found.
#0 C:\wamp\www\sicpro\app\webroot\index.php(92): Dispatcher->dispatch(Object(CakeRequest), Object(CakeResponse))
#1 {main}
2012-09-02 03:28:35 Error: [MissingControllerException] Controller class ImagesController could not be found.
#0 C:\wamp\www\sicpro\app\webroot\index.php(92): Dispatcher->dispatch(Object(CakeRequest), Object(CakeResponse))
#1 {main}
2012-09-02 03:30:38 Error: [MissingControllerException] Controller class CssController could not be found.
#0 C:\wamp\www\sicpro\app\webroot\index.php(92): Dispatcher->dispatch(Object(CakeRequest), Object(CakeResponse))
#1 {main}
2012-09-02 03:30:38 Error: [MissingControllerException] Controller class CssController could not be found.
#0 C:\wamp\www\sicpro\app\webroot\index.php(92): Dispatcher->dispatch(Object(CakeRequest), Object(CakeResponse))
#1 {main}
2012-09-02 03:30:38 Error: [MissingControllerException] Controller class CssController could not be found.
#0 C:\wamp\www\sicpro\app\webroot\index.php(92): Dispatcher->dispatch(Object(CakeRequest), Object(CakeResponse))
#1 {main}
2012-09-02 03:30:38 Error: [MissingControllerException] Controller class CssController could not be found.
#0 C:\wamp\www\sicpro\app\webroot\index.php(92): Dispatcher->dispatch(Object(CakeRequest), Object(CakeResponse))
#1 {main}
2012-09-02 03:30:38 Error: [MissingControllerException] Controller class CssController could not be found.
#0 C:\wamp\www\sicpro\app\webroot\index.php(92): Dispatcher->dispatch(Object(CakeRequest), Object(CakeResponse))
#1 {main}
2012-09-02 03:30:43 Error: [MissingControllerException] Controller class Index.htmlController could not be found.
#0 C:\wamp\www\sicpro\app\webroot\index.php(92): Dispatcher->dispatch(Object(CakeRequest), Object(CakeResponse))
#1 {main}
2012-09-02 03:30:44 Error: [MissingControllerException] Controller class Index.htmlController could not be found.
#0 C:\wamp\www\sicpro\app\webroot\index.php(92): Dispatcher->dispatch(Object(CakeRequest), Object(CakeResponse))
#1 {main}
2012-09-02 18:01:22 Error: [MissingControllerException] Controller class CssController could not be found.
#0 C:\wamp\www\sicpro2012\app\webroot\index.php(92): Dispatcher->dispatch(Object(CakeRequest), Object(CakeResponse))
#1 {main}
2012-09-02 18:01:22 Error: [MissingControllerException] Controller class CssController could not be found.
#0 C:\wamp\www\sicpro2012\app\webroot\index.php(92): Dispatcher->dispatch(Object(CakeRequest), Object(CakeResponse))
#1 {main}
2012-09-02 18:01:23 Error: [MissingControllerException] Controller class CssController could not be found.
#0 C:\wamp\www\sicpro2012\app\webroot\index.php(92): Dispatcher->dispatch(Object(CakeRequest), Object(CakeResponse))
#1 {main}
2012-09-02 18:01:23 Error: [MissingControllerException] Controller class CssController could not be found.
#0 C:\wamp\www\sicpro2012\app\webroot\index.php(92): Dispatcher->dispatch(Object(CakeRequest), Object(CakeResponse))
#1 {main}
2012-09-03 00:20:23 Error: [MissingControllerException] Controller class CssController could not be found.
#0 C:\wamp\www\sicpro2012\app\webroot\index.php(92): Dispatcher->dispatch(Object(CakeRequest), Object(CakeResponse))
#1 {main}
2012-09-03 00:20:24 Error: [MissingControllerException] Controller class CssController could not be found.
#0 C:\wamp\www\sicpro2012\app\webroot\index.php(92): Dispatcher->dispatch(Object(CakeRequest), Object(CakeResponse))
#1 {main}
2012-09-03 00:20:24 Error: [MissingControllerException] Controller class CssController could not be found.
#0 C:\wamp\www\sicpro2012\app\webroot\index.php(92): Dispatcher->dispatch(Object(CakeRequest), Object(CakeResponse))
#1 {main}
2012-09-03 00:20:24 Error: [MissingControllerException] Controller class CssController could not be found.
#0 C:\wamp\www\sicpro2012\app\webroot\index.php(92): Dispatcher->dispatch(Object(CakeRequest), Object(CakeResponse))
#1 {main}
2012-09-03 00:20:24 Error: [MissingControllerException] Controller class CssController could not be found.
#0 C:\wamp\www\sicpro2012\app\webroot\index.php(92): Dispatcher->dispatch(Object(CakeRequest), Object(CakeResponse))
#1 {main}
2012-09-03 00:54:52 Error: [MissingControllerException] Controller class CssController could not be found.
#0 C:\wamp\www\sicpro2012\app\webroot\index.php(92): Dispatcher->dispatch(Object(CakeRequest), Object(CakeResponse))
#1 {main}
2012-09-03 01:21:11 Error: [MissingControllerException] Controller class CssController could not be found.
#0 C:\wamp\www\sicpro2012\app\webroot\index.php(92): Dispatcher->dispatch(Object(CakeRequest), Object(CakeResponse))
#1 {main}
2012-09-03 01:21:13 Error: [MissingControllerException] Controller class CssController could not be found.
#0 C:\wamp\www\sicpro2012\app\webroot\index.php(92): Dispatcher->dispatch(Object(CakeRequest), Object(CakeResponse))
#1 {main}
2012-09-03 01:21:13 Error: [MissingControllerException] Controller class CssController could not be found.
#0 C:\wamp\www\sicpro2012\app\webroot\index.php(92): Dispatcher->dispatch(Object(CakeRequest), Object(CakeResponse))
#1 {main}
2012-09-03 01:21:13 Error: [MissingControllerException] Controller class CssController could not be found.
#0 C:\wamp\www\sicpro2012\app\webroot\index.php(92): Dispatcher->dispatch(Object(CakeRequest), Object(CakeResponse))
#1 {main}
2012-09-03 01:21:13 Error: [MissingControllerException] Controller class CssController could not be found.
#0 C:\wamp\www\sicpro2012\app\webroot\index.php(92): Dispatcher->dispatch(Object(CakeRequest), Object(CakeResponse))
#1 {main}
2012-09-03 01:22:55 Error: [MissingControllerException] Controller class ImgController could not be found.
#0 C:\wamp\www\sicpro2012\app\webroot\index.php(92): Dispatcher->dispatch(Object(CakeRequest), Object(CakeResponse))
#1 {main}
2012-09-03 01:23:02 Error: [MissingControllerException] Controller class Support.htmlController could not be found.
#0 C:\wamp\www\sicpro2012\app\webroot\index.php(92): Dispatcher->dispatch(Object(CakeRequest), Object(CakeResponse))
#1 {main}
